<?xml version="1.0" encoding="UTF-8"?>
<!-- Generated by org.testng.reporters.JUnitXMLReporter -->
<testsuite ignored="4" hostname="DESKTOP-HMQ0NV6" failures="1" tests="1" name="Default test" time="61.013" errors="0" timestamp="2024-12-02T12:33:17 IST">
  <testcase classname="com.test.OwnerProfileTest" name="verifyWhetherUserCanAddAnimal" time="43.855">
    <failure type="java.lang.NullPointerException" message="Cannot invoke &amp;quot;org.openqa.selenium.WebDriver.getClass()&amp;quot; because &amp;quot;exceptionDriver&amp;quot; is null">
      <![CDATA[java.lang.NullPointerException: Cannot invoke "org.openqa.selenium.WebDriver.getClass()" because "exceptionDriver" is null
at org.openqa.selenium.support.ui.WebDriverWait.timeoutException(WebDriverWait.java:85)
at org.openqa.selenium.support.ui.FluentWait.until(FluentWait.java:228)
at utilities.GeneralUtilities.WaitandClick(GeneralUtilities.java:39)
at com.pages.OwnerProfilePage.selectAnimalType(OwnerProfilePage.java:75)
at com.test.OwnerProfileTest.verifyWhetherUserCanAddAnimal(OwnerProfileTest.java:96)
at java.base/jdk.internal.reflect.DirectMethodHandleAccessor.invoke(DirectMethodHandleAccessor.java:103)
at java.base/java.lang.reflect.Method.invoke(Method.java:580)
at org.testng.internal.MethodInvocationHelper.invokeMethod(MethodInvocationHelper.java:133)
at org.testng.internal.TestInvoker.invokeMethod(TestInvoker.java:598)
at org.testng.internal.TestInvoker.invokeTestMethod(TestInvoker.java:173)
at org.testng.internal.MethodRunner.runInSequence(MethodRunner.java:46)
at org.testng.internal.TestInvoker$MethodInvocationAgent.invoke(TestInvoker.java:824)
at org.testng.internal.TestInvoker.invokeTestMethods(TestInvoker.java:146)
at org.testng.internal.TestMethodWorker.invokeTestMethods(TestMethodWorker.java:146)
at org.testng.internal.TestMethodWorker.run(TestMethodWorker.java:128)
at java.base/java.util.ArrayList.forEach(ArrayList.java:1597)
at org.testng.TestRunner.privateRun(TestRunner.java:794)
at org.testng.TestRunner.run(TestRunner.java:596)
at org.testng.SuiteRunner.runTest(SuiteRunner.java:377)
at org.testng.SuiteRunner.runSequentially(SuiteRunner.java:371)
at org.testng.SuiteRunner.privateRun(SuiteRunner.java:332)
at org.testng.SuiteRunner.run(SuiteRunner.java:276)
at org.testng.SuiteRunnerWorker.runSuite(SuiteRunnerWorker.java:53)
at org.testng.SuiteRunnerWorker.run(SuiteRunnerWorker.java:96)
at org.testng.TestNG.runSuitesSequentially(TestNG.java:1212)
at org.testng.TestNG.runSuitesLocally(TestNG.java:1134)
at org.testng.TestNG.runSuites(TestNG.java:1063)
at org.testng.TestNG.run(TestNG.java:1031)
at org.testng.remote.AbstractRemoteTestNG.run(AbstractRemoteTestNG.java:115)
at org.testng.remote.RemoteTestNG.initAndRun(RemoteTestNG.java:293)
at org.testng.remote.RemoteTestNG.main(RemoteTestNG.java:91)
]]>
    </failure>
  </testcase> <!-- verifyWhetherUserCanAddAnimal -->
  <testcase classname="com.test.OwnerProfileTest" name="verifyTotalNoOfAnimlasOwnedByOwner" time="0.0">
    <ignored/>
  </testcase> <!-- verifyTotalNoOfAnimlasOwnedByOwner -->
  <testcase classname="com.test.OwnerProfileTest" name="verifyWhetherAddAnimalPopPuApperas" time="0.0">
    <ignored/>
  </testcase> <!-- verifyWhetherAddAnimalPopPuApperas -->
  <testcase classname="com.test.OwnerProfileTest" name="verifyWhetherOwnerProfileIsdisplayed" time="0.0">
    <ignored/>
  </testcase> <!-- verifyWhetherOwnerProfileIsdisplayed -->
  <testcase classname="com.test.OwnerProfileTest" name="verifyWhetherAnimalOwnedByOwnerIsdisplayed" time="0.0">
    <ignored/>
  </testcase> <!-- verifyWhetherAnimalOwnedByOwnerIsdisplayed -->
</testsuite> <!-- Default test -->
